[debug] [2021-10-19T12:36:26.185Z] ----------------------------------------------------------------------
[debug] [2021-10-19T12:36:26.189Z] Command:       C:\Program Files\nodejs\node.exe C:\Users\WALTON\AppData\Roaming\npm\node_modules\firebase-tools\lib\bin\firebase.js deploy
[debug] [2021-10-19T12:36:26.189Z] CLI Version:   9.20.0
[debug] [2021-10-19T12:36:26.190Z] Platform:      win32
[debug] [2021-10-19T12:36:26.190Z] Node Version:  v14.18.0
[debug] [2021-10-19T12:36:26.195Z] Time:          Tue Oct 19 2021 18:36:26 GMT+0600 (Bangladesh Standard Time)
[debug] [2021-10-19T12:36:26.195Z] ----------------------------------------------------------------------
[debug] 
[debug] [2021-10-19T12:36:26.397Z] > command requires scopes: ["email","openid","https://www.googleapis.com/auth/cloudplatformprojects.readonly","https://www.googleapis.com/auth/firebase","https://www.googleapis.com/auth/cloud-platform"]
[debug] [2021-10-19T12:36:26.398Z] > authorizing via signed-in user (mohammadyasinbappy@gmail.com)
[debug] [2021-10-19T12:36:26.399Z] [iam] checking project doctors-house-1ec0a for permissions ["firebase.projects.get","firebasehosting.sites.update"]
[debug] [2021-10-19T12:36:26.409Z] >>> HTTP REQUEST POST https://cloudresourcemanager.googleapis.com/v1/projects/doctors-house-1ec0a:testIamPermissions  
 {"permissions":["firebase.projects.get","firebasehosting.sites.update"]}
[debug] [2021-10-19T12:36:35.217Z] <<< HTTP RESPONSE 200 {"content-type":"application/json; charset=UTF-8","vary":"X-Origin, Referer, Origin,Accept-Encoding","date":"Tue, 19 Oct 2021 12:36:34 GMT","server":"ESF","cache-control":"private","x-xss-protection":"0","x-frame-options":"SAMEORIGIN","x-content-type-options":"nosniff","server-timing":"gfet4t7; dur=947","alt-svc":"h3=\":443\"; ma=2592000,h3-29=\":443\"; ma=2592000,h3-T051=\":443\"; ma=2592000,h3-Q050=\":443\"; ma=2592000,h3-Q046=\":443\"; ma=2592000,h3-Q043=\":443\"; ma=2592000,quic=\":443\"; ma=2592000; v=\"46,43\"","accept-ranges":"none","transfer-encoding":"chunked"}
[debug] [2021-10-19T12:36:35.223Z] > refreshing access token with scopes: []
[debug] [2021-10-19T12:36:35.224Z] >>> HTTP REQUEST POST https://www.googleapis.com/oauth2/v3/token  
 <request body omitted>
[debug] [2021-10-19T12:36:35.545Z] <<< HTTP RESPONSE 200 {"date":"Tue, 19 Oct 2021 12:36:35 GMT","pragma":"no-cache","cache-control":"no-cache, no-store, max-age=0, must-revalidate","expires":"Mon, 01 Jan 1990 00:00:00 GMT","content-type":"application/json; charset=utf-8","vary":"X-Origin, Referer, Origin,Accept-Encoding","server":"scaffolding on HTTPServer2","x-xss-protection":"0","x-frame-options":"SAMEORIGIN","x-content-type-options":"nosniff","alt-svc":"h3=\":443\"; ma=2592000,h3-29=\":443\"; ma=2592000,h3-T051=\":443\"; ma=2592000,h3-Q050=\":443\"; ma=2592000,h3-Q046=\":443\"; ma=2592000,h3-Q043=\":443\"; ma=2592000,quic=\":443\"; ma=2592000; v=\"46,43\"","accept-ranges":"none","transfer-encoding":"chunked"}
[debug] [2021-10-19T12:36:35.569Z] >>> [apiv2][query] GET https://firebase.googleapis.com/v1beta1/projects/doctors-house-1ec0a [none]
[debug] [2021-10-19T12:36:37.704Z] <<< [apiv2][status] GET https://firebase.googleapis.com/v1beta1/projects/doctors-house-1ec0a 200
[debug] [2021-10-19T12:36:37.704Z] <<< [apiv2][body] GET https://firebase.googleapis.com/v1beta1/projects/doctors-house-1ec0a {"projectId":"doctors-house-1ec0a","projectNumber":"650218289575","displayName":"doctors-house","name":"projects/doctors-house-1ec0a","resources":{"hostingSite":"doctors-house-1ec0a"},"state":"ACTIVE"}
[info] 
[info] === Deploying to 'doctors-house-1ec0a'...
[info] 
[info] i  deploying hosting 
[debug] [2021-10-19T12:36:37.711Z] > refreshing access token with scopes: ["email","https://www.googleapis.com/auth/cloud-platform","https://www.googleapis.com/auth/cloudplatformprojects.readonly","https://www.googleapis.com/auth/firebase","openid"]
[debug] [2021-10-19T12:36:37.711Z] >>> HTTP REQUEST POST https://www.googleapis.com/oauth2/v3/token  
 <request body omitted>
